<?xml version="1.0" encoding="UTF-8"?>
<testng-results skipped="0" failed="0" total="1" passed="1">
  <reporter-output>
  </reporter-output>
  <suite name="ranga" duration-ms="14208" started-at="2022-05-16T07:21:38Z" finished-at="2022-05-16T07:21:53Z">
    <groups>
    </groups>
    <test name="FacebookReport" duration-ms="14208" started-at="2022-05-16T07:21:38Z" finished-at="2022-05-16T07:21:53Z">
      <class name="may16.FacebookParameters">
        <test-method status="PASS" signature="setUp(java.lang.String)[pri:0, instance:may16.FacebookParameters@4501b7af]" name="setUp" is-config="true" duration-ms="4773" started-at="2022-05-16T12:51:38Z" finished-at="2022-05-16T12:51:43Z">
          <params>
            <param index="0">
              <value>
                <![CDATA[https://www.facebook.com/]]>
              </value>
            </param>
          </params>
          <reporter-output>
          </reporter-output>
        </test-method> <!-- setUp -->
        <test-method status="PASS" signature="createAccount(java.lang.String, java.lang.String, java.lang.String, java.lang.String, java.lang.String, java.lang.String, java.lang.String, java.lang.String)[pri:0, instance:may16.FacebookParameters@4501b7af]" name="createAccount" duration-ms="8895" started-at="2022-05-16T12:51:43Z" finished-at="2022-05-16T12:51:52Z">
          <params>
            <param index="0">
              <value>
                <![CDATA[Selenium]]>
              </value>
            </param>
            <param index="1">
              <value>
                <![CDATA[testing]]>
              </value>
            </param>
            <param index="2">
              <value>
                <![CDATA[Selenium@gmail.com]]>
              </value>
            </param>
            <param index="3">
              <value>
                <![CDATA[Selenium@gmail.com]]>
              </value>
            </param>
            <param index="4">
              <value>
                <![CDATA[Selenium@12345]]>
              </value>
            </param>
            <param index="5">
              <value>
                <![CDATA[15]]>
              </value>
            </param>
            <param index="6">
              <value>
                <![CDATA[Dec]]>
              </value>
            </param>
            <param index="7">
              <value>
                <![CDATA[1978]]>
              </value>
            </param>
          </params>
          <reporter-output>
          </reporter-output>
        </test-method> <!-- createAccount -->
        <test-method status="PASS" signature="tearDown()[pri:0, instance:may16.FacebookParameters@4501b7af]" name="tearDown" is-config="true" duration-ms="499" started-at="2022-05-16T12:51:52Z" finished-at="2022-05-16T12:51:53Z">
          <reporter-output>
          </reporter-output>
        </test-method> <!-- tearDown -->
      </class> <!-- may16.FacebookParameters -->
    </test> <!-- FacebookReport -->
  </suite> <!-- ranga -->
</testng-results>
